There were 11 meetings
  first meeting on: May 08 2020
  last meeting on:  Nov 17 2020

Number of meetings grouped by number of participants:
   1:   7
   2:   3
   3:   1

Number of meetings with more than 1 participant was 4
The 4 meetings grouped by meeting length in minutes:
       <    5:    0
     5 -   10:    1
    10 -   20:    0
    20 -   40:    2
    40 -   60:    1
    60 -  120:    0
   120 -  180:    0
   180 -  720:    0

The longest meeting was:
meeting (digital-leaders-6) in room digital-leaders (56.1 minutes)
2020 Aug 13 06:53 — 07:49 with 2 participants

Average length of a meeting was 32.3 minutes

Total number of participants in these meetings was 4

1 rooms used
Count of the number of times a meeting room was used:
digital-leaders: 4
