There were 48 meetings
  first meeting on: May 01 2020
  last meeting on:  Oct 06 2020

Number of meetings grouped by number of participants:
   1:  17
   2:  14
   3:   4
   4:   5
   5:   6
   6:   2

Number of meetings with more than 1 participant was 31
The 31 meetings grouped by meeting length in minutes:
       <    5:    1
     5 -   10:    2
    10 -   20:    5
    20 -   40:    9
    40 -   60:   10
    60 -  120:    4
   120 -  180:    0
   180 -  720:    0

The longest meeting was:
meeting (venturepartner-8) in room venturepartner (70.6 minutes)
2020 Jun 12 11:59 — 13:09 with 5 participants

Average length of a meeting was 38.4 minutes

Total number of participants in these meetings was 16

8 rooms used
Count of the number of times a meeting room was used:
EricBeth: 1
JeanBeth: 1
MaryBeth: 5
Peerceptiv: 1
Riff: 1
SteveBeth: 3
milestones: 1
venturepartner: 18
