There were 8 meetings
  first meeting on: Apr 17 2020
  last meeting on:  Jul 07 2020

Number of meetings grouped by number of participants:
   1:   5
   2:   3

Number of meetings with more than 1 participant was 3
The 3 meetings grouped by meeting length in minutes:
       <    5:    0
     5 -   10:    0
    10 -   20:    0
    20 -   40:    1
    40 -   60:    1
    60 -  120:    1
   120 -  180:    0
   180 -  720:    0

The longest meeting was:
meeting (meeting room 1-7) in room meeting room 1 (70.8 minutes)
2020 Jul 07 14:00 — 15:11 with 2 participants

Average length of a meeting was 52.1 minutes

Total number of participants in these meetings was 4

1 rooms used
Count of the number of times a meeting room was used:
meeting room 1: 3
