There were 63 meetings
  first meeting on: May 27 2020
  last meeting on:  Aug 10 2020

Number of meetings grouped by number of participants:
   1:  27
   2:  16
   3:  13
   4:   6
   5:   1

Number of meetings with more than 1 participant was 36
The 36 meetings grouped by meeting length in minutes:
       <    5:    0
     5 -   10:    0
    10 -   20:    2
    20 -   40:    9
    40 -   60:    8
    60 -  120:   14
   120 -  180:    1
   180 -  720:    2

The longest meeting was:
meeting (SwedishDoulas-38) in room SwedishDoulas (253.5 minutes)
2020 Jul 08 21:01 — 01:15 with 4 participants

Average length of a meeting was 69.6 minutes

Total number of participants in these meetings was 5

1 rooms used
Count of the number of times a meeting room was used:
SwedishDoulas: 36
