There were 16 meetings
  first meeting on: Jun 29 2020
  last meeting on:  Nov 16 2020

Number of meetings grouped by number of participants:
   1:  11
   2:   3
   3:   1
   4:   1

Number of meetings with more than 1 participant was 5
The 5 meetings grouped by meeting length in minutes:
       <    5:    0
     5 -   10:    1
    10 -   20:    0
    20 -   40:    2
    40 -   60:    1
    60 -  120:    1
   120 -  180:    0
   180 -  720:    0

The longest meeting was:
meeting (Becs Room-3) in room Becs Room (62.1 minutes)
2020 Jul 15 23:00 — 00:03 with 2 participants

Average length of a meeting was 37.1 minutes

Total number of participants in these meetings was 6

1 rooms used
Count of the number of times a meeting room was used:
Becs Room: 5
