There were 2 meetings
  first meeting on: Jul 31 2020
  last meeting on:  Aug 11 2020

Number of meetings grouped by number of participants:
   1:   1
   2:   1

Number of meetings with more than 1 participant was 1
The 1 meetings grouped by meeting length in minutes:
       <    5:    0
     5 -   10:    0
    10 -   20:    1
    20 -   40:    0
    40 -   60:    0
    60 -  120:    0
   120 -  180:    0
   180 -  720:    0

The longest meeting was:
meeting (Venture University Test Riff Analytics-2) in room Venture University Test Riff Analytics (12.3 minutes)
2020 Aug 11 15:41 — 15:54 with 2 participants

Average length of a meeting was 12.3 minutes

Total number of participants in these meetings was 2

1 rooms used
Count of the number of times a meeting room was used:
Venture University Test Riff Analytics: 1
