There were 8 meetings  
  first meeting on: Apr 17 2020
  last meeting on:  Jul 07 2020

Number of meetings grouped by number of participants:
{1: 5, 2: 3}

Number of meetings with more than 1 participant was 3
The 3 meetings grouped by meeting length in minutes:
       <    5:    0
     5 -   10:    0
    10 -   20:    0
    20 -   40:    1
    40 -   60:    1
    60 -  120:    1
   120 -  180:    0
   180 -  720:    0

The longest meeting was:
meeting (meeting room 1-7) in room meeting room 1
2020 Jul 07 14:00 — 15:11 (70.8 minutes)
2 participants:
   1) 9ERUtVyYied7DGrHxg1u0U6LoIa2
   2) p3DCw72IKyUiyesx1QOPJNTwjFn1

Average length of a meeting was 52.1 minutes

Total number of participants in these meetings was 4

1 rooms used
meeting room 1: 3 meetings
	attended by 2 participants
	lasting from 36.7 to 70.8 minutes (avg: 52.1)
	room participants (# of meetings)
		9ERUtVyYied7DGrHxg1u0U6LoIa2 (3)
		aANPANlfbUYrE5i4RI9y3fJPdqJ2 (1)
		foUo1XhocsVHw2HGTT6Ih91Xbop2 (1)
		p3DCw72IKyUiyesx1QOPJNTwjFn1 (1)

