There were 4 meetings  
  first meeting on: May 27 2020
  last meeting on:  May 27 2020

Number of meetings grouped by number of participants:
{1: 3, 2: 1}

Number of meetings with more than 1 participant was 1
The 1 meetings grouped by meeting length in minutes:
       <    5:    0
     5 -   10:    0
    10 -   20:    0
    20 -   40:    0
    40 -   60:    1
    60 -  120:    0
   120 -  180:    0
   180 -  720:    0

The longest meeting was:
meeting (test123-2) in room test123
2020 May 27 19:08 — 19:57 (48.9 minutes)
2 participants:
   1) K0uEZcRXMQQUMaRlM6Qs0fg4Wtf2
   2) woeXCQGQVxdCW5lIswXB2gYTA3N2

Average length of a meeting was 48.9 minutes

Total number of participants in these meetings was 2

1 rooms used
test123: 1 meetings
	attended by 2 participants
	lasting 48.9 minutes
	room participants (# of meetings)
		K0uEZcRXMQQUMaRlM6Qs0fg4Wtf2 (1)
		woeXCQGQVxdCW5lIswXB2gYTA3N2 (1)

